<?xml version="1.0" encoding="UTF-8"?>
<!-- Generated by org.testng.reporters.JUnitReportReporter -->
<testsuite hostname="tig090" name="com.masteringselenium.BasicTest" tests="2" failures="0" timestamp="27 Oct 2017 10:42:39 GMT" time="18.416" errors="0">
  <testcase name="googleMilkExample" time="8.872" classname="com.masteringselenium.BasicTest"/>
  <testcase name="googleCheeseExample" time="9.544" classname="com.masteringselenium.BasicTest"/>
</testsuite> <!-- com.masteringselenium.BasicTest -->
