<?xml version="1.0" encoding="UTF-8"?>
<!-- Generated by org.testng.reporters.JUnitReportReporter -->
<testsuite hostname="tig090" name="com.masteringselenium.BasicTest" tests="2" failures="0" timestamp="27 Oct 2017 07:10:57 GMT" time="17.981" errors="0">
  <testcase name="googleCheeseExample" time="9.673" classname="com.masteringselenium.BasicTest"/>
  <testcase name="googleMilkExample" time="8.308" classname="com.masteringselenium.BasicTest"/>
</testsuite> <!-- com.masteringselenium.BasicTest -->
